<?xml version="1.0" encoding="UTF-8"?>
<testng-results skipped="0" failed="0" ignored="0" total="1" passed="1">
  <reporter-output>
  </reporter-output>
  <suite name="Surefire suite" duration-ms="7097" started-at="2017-07-31T13:06:37Z" finished-at="2017-07-31T13:06:44Z">
    <groups>
    </groups>
    <test name="Surefire test" duration-ms="7097" started-at="2017-07-31T13:06:37Z" finished-at="2017-07-31T13:06:44Z">
      <class name="com.mybatis.MybatisBuildApplicationTests">
        <test-method status="PASS" signature="contextLoads()" name="contextLoads" duration-ms="6715" started-at="2017-07-31T21:06:37Z" finished-at="2017-07-31T21:06:44Z">
          <reporter-output>
          </reporter-output>
        </test-method> <!-- contextLoads -->
      </class> <!-- com.mybatis.MybatisBuildApplicationTests -->
    </test> <!-- Surefire test -->
  </suite> <!-- Surefire suite -->
</testng-results>
